<?xml version="1.0" encoding="utf-8"?><testsuites name="pytest tests"><testsuite name="pytest" errors="0" failures="0" skipped="0" tests="15" time="6.681" timestamp="2026-05-16T06:45:17.534279+00:00" hostname="agent-env-734a2685-f592-4a9d-b684-34559d84d3b6"><testcase classname="backend.tests.backend_test" name="test_health" time="0.289" /><testcase classname="backend.tests.backend_test" name="test_student_login_ddmmyyyy" time="0.119" /><testcase classname="backend.tests.backend_test" name="test_student_login_iso_format" time="0.138" /><testcase classname="backend.tests.backend_test" name="test_student_login_wrong_dob" time="0.136" /><testcase classname="backend.tests.backend_test" name="test_student_login_unknown_roll" time="0.115" /><testcase classname="backend.tests.backend_test" name="test_admin_gmail_login_bypasses_domain" time="0.326" /><testcase classname="backend.tests.backend_test" name="test_admin_students_crud" time="1.331" /><testcase classname="backend.tests.backend_test" name="test_admin_students_bulk_csv" time="0.418" /><testcase classname="backend.tests.backend_test" name="test_anonymous_found_item_masking" time="1.046" /><testcase classname="backend.tests.backend_test" name="test_lost_item_cannot_be_anonymous" time="0.223" /><testcase classname="backend.tests.backend_test" name="test_recovered_at_set_and_cleared" time="0.646" /><testcase classname="backend.tests.backend_test" name="test_recovered_within_24h_visible_in_list" time="0.450" /><testcase classname="backend.tests.backend_test" name="test_recovered_older_than_24h_hidden" time="0.312" /><testcase classname="backend.tests.backend_test" name="test_conversation_with_anonymous_owner" time="0.563" /><testcase classname="backend.tests.backend_test" name="test_admin_endpoints_forbid_student" time="0.467" /></testsuite></testsuites>